SF:lib\api_management.dart
DA:11,4
DA:14,4
DA:21,4
DA:27,4
DA:28,4
DA:30,0
DA:31,0
DA:35,4
DA:36,4
DA:37,12
DA:38,4
DA:41,8
DA:42,8
DA:43,0
DA:46,0
DA:48,8
DA:49,4
DA:51,0
DA:53,4
DA:57,16
LF:20
LH:15
end_of_record
SF:lib\controller\league_fetcher.dart
DA:8,1
DA:15,3
DA:17,4
DA:18,1
DA:19,2
LF:5
LH:5
end_of_record
SF:lib\model\league.dart
DA:8,6
DA:16,4
DA:17,4
DA:18,4
DA:19,4
DA:25,2
DA:26,2
DA:27,4
DA:28,4
DA:29,4
DA:30,4
DA:31,4
DA:35,2
DA:36,2
DA:37,2
DA:38,2
DA:39,2
DA:40,2
DA:44,4
DA:45,2
DA:46,2
DA:47,2
DA:48,2
DA:51,3
DA:54,3
DA:55,9
DA:56,9
DA:57,9
DA:58,9
DA:59,9
DA:60,9
DA:62,0
DA:64,0
DA:65,0
DA:66,0
DA:67,0
DA:68,0
LF:37
LH:31
end_of_record
SF:lib\controller\team_fetcher.dart
DA:8,1
DA:15,3
DA:16,4
DA:17,1
DA:18,2
LF:5
LH:5
end_of_record
SF:lib\model\team.dart
DA:10,7
DA:20,4
DA:21,4
DA:22,4
DA:23,4
DA:26,4
DA:32,2
DA:33,2
DA:34,4
DA:35,4
DA:36,4
DA:37,4
DA:38,4
DA:39,4
DA:40,4
DA:44,2
DA:45,2
DA:46,2
DA:47,2
DA:48,2
DA:52,4
DA:53,2
DA:54,2
DA:55,2
DA:56,2
DA:57,2
DA:58,2
DA:59,2
DA:62,4
DA:65,3
DA:66,9
DA:67,9
DA:68,9
DA:69,9
DA:70,9
DA:71,9
DA:72,9
DA:73,9
DA:75,0
DA:77,0
DA:78,0
DA:79,0
DA:80,0
DA:81,0
DA:82,0
DA:83,0
LF:46
LH:38
end_of_record
SF:lib\controller\location_fetcher.dart
DA:6,0
DA:7,0
DA:8,0
DA:11,0
DA:13,0
DA:14,0
DA:15,0
DA:16,0
LF:8
LH:0
end_of_record
SF:lib\controller\match_fetcher.dart
DA:13,0
DA:19,0
DA:21,0
DA:23,0
DA:25,0
DA:26,0
DA:28,0
DA:29,0
DA:30,0
DA:31,0
DA:32,0
DA:33,0
DA:35,0
DA:39,0
DA:47,0
DA:48,0
DA:52,0
DA:53,0
DA:54,0
DA:56,0
DA:60,1
DA:67,2
DA:68,1
DA:72,4
DA:73,1
DA:74,2
DA:76,1
DA:80,1
DA:87,2
DA:88,1
DA:92,4
DA:93,1
DA:94,2
DA:96,1
DA:100,1
DA:105,1
DA:106,1
DA:107,1
DA:108,5
DA:112,1
DA:119,2
DA:120,1
DA:124,4
DA:125,1
DA:126,2
DA:128,1
DA:132,1
DA:139,2
DA:140,1
DA:144,4
DA:145,1
DA:146,2
DA:148,1
DA:152,1
DA:157,1
DA:158,1
DA:159,1
DA:160,5
LF:58
LH:38
end_of_record
SF:lib\controller\venue_fetcher.dart
DA:8,1
DA:15,3
DA:16,4
DA:17,1
DA:18,2
LF:5
LH:5
end_of_record
SF:lib\model\match.dart
DA:17,4
DA:30,2
DA:31,2
DA:32,2
DA:35,2
DA:36,2
DA:37,2
DA:38,2
DA:39,2
DA:40,2
DA:41,2
DA:45,2
DA:46,2
DA:47,4
DA:48,4
DA:49,4
DA:50,4
DA:51,6
DA:52,4
DA:53,6
DA:54,6
DA:55,4
DA:56,4
DA:60,2
DA:61,1
DA:62,1
DA:63,1
DA:64,1
DA:65,1
DA:66,2
DA:68,2
DA:69,1
DA:70,2
DA:71,2
DA:73,1
DA:74,1
DA:75,1
DA:79,3
DA:82,3
DA:83,9
DA:84,9
DA:85,3
DA:86,3
DA:87,3
DA:88,3
DA:89,3
DA:90,3
DA:91,3
DA:92,3
DA:93,3
DA:95,0
DA:97,0
DA:98,0
DA:99,0
DA:100,0
DA:101,0
DA:102,0
DA:103,0
DA:104,0
DA:105,0
DA:106,0
LF:61
LH:50
end_of_record
SF:lib\model\venue.dart
DA:11,6
DA:22,4
DA:23,4
DA:24,4
DA:25,4
DA:30,2
DA:31,2
DA:32,2
DA:33,2
DA:34,2
DA:35,2
DA:36,2
DA:37,2
DA:38,2
DA:39,2
DA:43,2
DA:44,2
DA:45,2
DA:46,2
DA:47,2
DA:51,4
DA:52,2
DA:53,2
DA:54,2
DA:55,2
DA:56,2
DA:57,2
DA:58,2
DA:59,2
DA:62,3
DA:65,3
DA:66,9
DA:67,9
DA:68,9
DA:69,9
DA:70,9
DA:71,9
DA:72,9
DA:73,9
DA:74,9
DA:76,0
DA:78,0
DA:79,0
DA:80,0
DA:81,0
DA:82,0
DA:83,0
DA:84,0
DA:85,0
LF:49
LH:40
end_of_record
SF:lib\states\followed_state.dart
DA:7,1
DA:8,2
DA:9,2
DA:11,2
DA:13,1
LF:5
LH:5
end_of_record
SF:lib\states\history_state.dart
DA:7,1
DA:8,2
DA:9,2
DA:10,2
DA:11,4
DA:13,1
DA:17,1
DA:18,2
DA:19,1
LF:9
LH:9
end_of_record
SF:lib\states\schedule_state.dart
DA:7,1
DA:8,2
DA:9,2
DA:10,2
DA:11,4
DA:13,1
DA:17,1
DA:18,2
DA:19,1
LF:9
LH:9
end_of_record
